<?xml version="1.0" encoding="UTF-8"?>
<testsuite name="com.maventogradle.hello.AppTest" tests="1" skipped="0" failures="0" errors="0" timestamp="2025-05-08T04:15:24.706Z" hostname="VEERESH" time="0.002">
  <properties/>
  <testcase name="testApp" classname="com.maventogradle.hello.AppTest" time="0.002"/>
  <system-out><![CDATA[]]></system-out>
  <system-err><![CDATA[]]></system-err>
</testsuite>
